Running af2chi with template 1hmt.cif and sequence 1hmt.fasta
2024-12-23 14:23:34.616022: E external/local_xla/xla/stream_executor/cuda/cuda_fft.cc:485] Unable to register cuFFT factory: Attempting to register factory for plugin cuFFT when one has already been registered
2024-12-23 14:23:34.629158: E external/local_xla/xla/stream_executor/cuda/cuda_dnn.cc:8454] Unable to register cuDNN factory: Attempting to register factory for plugin cuDNN when one has already been registered
2024-12-23 14:23:34.633134: E external/local_xla/xla/stream_executor/cuda/cuda_blas.cc:1452] Unable to register cuBLAS factory: Attempting to register factory for plugin cuBLAS when one has already been registered
2024-12-23 14:23:35.595848: W tensorflow/compiler/tf2tensorrt/utils/py_utils.cc:38] TF-TRT Warning: Could not find TensorRT
2024-12-23 14:23:34,079 Running colabfold 1.5.5 (fdf3b235b88746681c46ea12bcded76ecf8e1f76)
2024-12-23 14:23:36,147 Running on GPU
2024-12-23 14:23:36,545 Found 5 citations for tools or databases
2024-12-23 14:23:36,562 Adding missing field revision_date to template/1hmt.cif. Backing up original file to template/1hmt.cif.bak.
2024-12-23 14:23:36,611 Query 1/1: pdb_1hmt (length 131)
2024-12-23 14:23:36,891 Sequence 0 found templates: ['1hmt_A', '1hmt_A']
2024-12-23 14:24:07,886 alphafold2_ptm_model_1_seed_000 recycle=0 pLDDT=96.7 pTM=0.867
2024-12-23 14:24:25,455 alphafold2_ptm_model_1_seed_000 recycle=1 pLDDT=96.9 pTM=0.872 tol=0.082
2024-12-23 14:24:26,090 alphafold2_ptm_model_1_seed_000 recycle=2 pLDDT=96.9 pTM=0.872 tol=0.0307
2024-12-23 14:24:26,738 alphafold2_ptm_model_1_seed_000 recycle=3 pLDDT=96.9 pTM=0.87 tol=0.0249
2024-12-23 14:24:26,739 alphafold2_ptm_model_1_seed_000 took 43.0s (3 recycles)
dict_keys(['final_affines', 'final_angles', 'final_atom_mask', 'final_atom_positions'])
2024-12-23 14:24:27,463 alphafold2_ptm_model_2_seed_000 recycle=0 pLDDT=96.9 pTM=0.877
2024-12-23 14:24:28,115 alphafold2_ptm_model_2_seed_000 recycle=1 pLDDT=97.4 pTM=0.885 tol=0.0686
2024-12-23 14:24:28,754 alphafold2_ptm_model_2_seed_000 recycle=2 pLDDT=97.5 pTM=0.886 tol=0.018
2024-12-23 14:24:29,385 alphafold2_ptm_model_2_seed_000 recycle=3 pLDDT=97.5 pTM=0.886 tol=0.0127
2024-12-23 14:24:29,386 alphafold2_ptm_model_2_seed_000 took 2.6s (3 recycles)
dict_keys(['final_affines', 'final_angles', 'final_atom_mask', 'final_atom_positions'])
2024-12-23 14:24:29,419 reranking models by 'plddt' metric
2024-12-23 14:24:29,419 rank_001_alphafold2_ptm_model_2_seed_000 pLDDT=97.5 pTM=0.886
2024-12-23 14:24:29,421 rank_002_alphafold2_ptm_model_1_seed_000 pLDDT=96.9 pTM=0.87
2024-12-23 14:24:29,423 returning backbones and angles for sidechain prediction for best model: model rank_001_alphafold2_ptm_model_2_seed_000
2024-12-23 14:24:29,423 Saving sidechain rawdata data for pdb_1hmt : output/pdb_1hmt_rank_001_sc_*.npy
2024-12-23 14:24:29,434 Running sidechain populations prediction for pdb_1hmt
2024-12-23 14:24:29,441 Predicting sidechain populations for pdb_1hmt chi=chi1
 chi_sel: chi1, meaning layer: 3
/maps/projects/prism/people/bqm193/env/colabfold-sc/lib/python3.10/multiprocessing/popen_fork.py:66: RuntimeWarning: os.fork() was called. os.fork() is incompatible with multithreaded code, and JAX is multithreaded, so this will likely lead to a deadlock.
  self.pid = os.fork()
2024-12-23 14:24:53,955 Predicting sidechain populations for pdb_1hmt chi=chi2
 chi_sel: chi2, meaning layer: 4
2024-12-23 14:25:07,005 Predicting sidechain populations for pdb_1hmt chi=chi3
 chi_sel: chi3, meaning layer: 5
2024-12-23 14:25:13,314 Predicting sidechain populations for pdb_1hmt chi=chi4
 chi_sel: chi4, meaning layer: 6
2024-12-23 14:25:18,819 Saving sidechain populations data for pdb_1hmt: output/pdb_1hmt_rank_001_sc_pops_*.npz
2024-12-23 14:25:18,851 Creating PDB ensemble with sidechain predictions for pdb_1hmt
non-relaxed structure clashes: 8
2024-12-23 14:25:20,585 Warning: importing 'simtk.openmm' is deprecated.  Import 'openmm' instead.
relaxed structure: no clashes and rmsd under threshold, adding structure
non-relaxed structure clashes: 11
relaxed structure: no clashes and rmsd under threshold, adding structure
non-relaxed structure clashes: 18
relaxed structure: no clashes and rmsd under threshold, adding structure
non-relaxed structure clashes: 18
relaxed structure: no clashes and rmsd under threshold, adding structure
non-relaxed structure clashes: 9
relaxed structure: no clashes and rmsd under threshold, adding structure
non-relaxed structure clashes: 28
relaxed structure: no clashes and rmsd under threshold, adding structure
non-relaxed structure clashes: 9
relaxed structure: no clashes and rmsd under threshold, adding structure
non-relaxed structure clashes: 14
relaxed structure: no clashes and rmsd under threshold, adding structure
non-relaxed structure clashes: 36
relaxed structure: no clashes and rmsd under threshold, adding structure
non-relaxed structure clashes: 25
relaxed structure: no clashes and rmsd under threshold, adding structure
non-relaxed structure clashes: 30
relaxed structure: no clashes and rmsd under threshold, adding structure
non-relaxed structure clashes: 14
relaxed structure: no clashes and rmsd under threshold, adding structure
non-relaxed structure clashes: 9
relaxed structure: no clashes and rmsd under threshold, adding structure
non-relaxed structure clashes: 18
relaxed structure: no clashes and rmsd under threshold, adding structure
non-relaxed structure clashes: 1
relaxed structure: no clashes and rmsd under threshold, adding structure
non-relaxed structure clashes: 8
relaxed structure: no clashes and rmsd under threshold, adding structure
non-relaxed structure clashes: 27
relaxed structure: no clashes and rmsd under threshold, adding structure
non-relaxed structure clashes: 34
relaxed structure: no clashes and rmsd under threshold, adding structure
non-relaxed structure clashes: 15
relaxed structure: no clashes and rmsd under threshold, adding structure
non-relaxed structure clashes: 8
relaxed structure: no clashes and rmsd under threshold, adding structure
non-relaxed structure clashes: 5
relaxed structure: no clashes and rmsd under threshold, adding structure
non-relaxed structure clashes: 5
relaxed structure: no clashes and rmsd under threshold, adding structure
non-relaxed structure clashes: 4
relaxed structure: no clashes and rmsd under threshold, adding structure
non-relaxed structure clashes: 15
relaxed structure: no clashes and rmsd under threshold, adding structure
non-relaxed structure clashes: 13
relaxed structure: no clashes and rmsd under threshold, adding structure
non-relaxed structure clashes: 10
relaxed structure: no clashes and rmsd under threshold, adding structure
non-relaxed structure clashes: 6
relaxed structure: no clashes and rmsd under threshold, adding structure
non-relaxed structure clashes: 14
relaxed structure: no clashes and rmsd under threshold, adding structure
non-relaxed structure clashes: 27
relaxed structure: no clashes and rmsd under threshold, adding structure
non-relaxed structure clashes: 14
relaxed structure: no clashes and rmsd under threshold, adding structure
non-relaxed structure clashes: 8
relaxed structure: no clashes and rmsd under threshold, adding structure
non-relaxed structure clashes: 40
relaxed structure: no clashes and rmsd under threshold, adding structure
non-relaxed structure clashes: 16
relaxed structure: no clashes and rmsd under threshold, adding structure
non-relaxed structure clashes: 29
relaxed structure: no clashes and rmsd under threshold, adding structure
non-relaxed structure clashes: 18
relaxed structure: no clashes and rmsd under threshold, adding structure
non-relaxed structure clashes: 36
relaxed structure: no clashes and rmsd under threshold, adding structure
non-relaxed structure clashes: 16
relaxed structure: no clashes and rmsd under threshold, adding structure
non-relaxed structure clashes: 9
relaxed structure: no clashes and rmsd under threshold, adding structure
non-relaxed structure clashes: 12
relaxed structure: no clashes and rmsd under threshold, adding structure
non-relaxed structure clashes: 4
relaxed structure: no clashes and rmsd under threshold, adding structure
non-relaxed structure clashes: 25
relaxed structure: no clashes and rmsd under threshold, adding structure
non-relaxed structure clashes: 10
relaxed structure: no clashes and rmsd under threshold, adding structure
non-relaxed structure clashes: 2
relaxed structure: no clashes and rmsd under threshold, adding structure
non-relaxed structure clashes: 27
relaxed structure: no clashes and rmsd under threshold, adding structure
non-relaxed structure clashes: 19
relaxed structure: no clashes and rmsd under threshold, adding structure
non-relaxed structure clashes: 3
relaxed structure: no clashes and rmsd under threshold, adding structure
non-relaxed structure clashes: 36
relaxed structure: no clashes and rmsd under threshold, adding structure
non-relaxed structure clashes: 14
relaxed structure: no clashes and rmsd under threshold, adding structure
non-relaxed structure clashes: 9
relaxed structure: no clashes and rmsd under threshold, adding structure
non-relaxed structure clashes: 6
relaxed structure: no clashes and rmsd under threshold, adding structure
non-relaxed structure clashes: 19
relaxed structure: no clashes and rmsd under threshold, adding structure
non-relaxed structure clashes: 9
relaxed structure: no clashes and rmsd under threshold, adding structure
non-relaxed structure clashes: 22
relaxed structure: no clashes and rmsd under threshold, adding structure
non-relaxed structure clashes: 26
relaxed structure: no clashes and rmsd under threshold, adding structure
non-relaxed structure clashes: 20
relaxed structure: no clashes and rmsd under threshold, adding structure
non-relaxed structure clashes: 12
relaxed structure: no clashes and rmsd under threshold, adding structure
non-relaxed structure clashes: 15
relaxed structure: no clashes and rmsd under threshold, adding structure
non-relaxed structure clashes: 20
relaxed structure: no clashes and rmsd under threshold, adding structure
non-relaxed structure clashes: 24
relaxed structure: no clashes and rmsd under threshold, adding structure
non-relaxed structure clashes: 18
relaxed structure: no clashes and rmsd under threshold, adding structure
non-relaxed structure clashes: 19
relaxed structure: no clashes and rmsd under threshold, adding structure
non-relaxed structure clashes: 14
relaxed structure: no clashes and rmsd under threshold, adding structure
non-relaxed structure clashes: 5
relaxed structure: no clashes and rmsd under threshold, adding structure
non-relaxed structure clashes: 19
relaxed structure: no clashes and rmsd under threshold, adding structure
non-relaxed structure clashes: 30
relaxed structure: no clashes and rmsd under threshold, adding structure
non-relaxed structure clashes: 4
relaxed structure: no clashes and rmsd under threshold, adding structure
non-relaxed structure clashes: 24
relaxed structure: no clashes and rmsd under threshold, adding structure
non-relaxed structure clashes: 0
relaxed structure: no clashes and rmsd under threshold, adding structure
non-relaxed structure clashes: 14
relaxed structure: no clashes and rmsd under threshold, adding structure
non-relaxed structure clashes: 6
relaxed structure: no clashes and rmsd under threshold, adding structure
non-relaxed structure clashes: 22
relaxed structure: no clashes and rmsd under threshold, adding structure
non-relaxed structure clashes: 4
relaxed structure: no clashes and rmsd under threshold, adding structure
non-relaxed structure clashes: 15
relaxed structure: no clashes and rmsd under threshold, adding structure
non-relaxed structure clashes: 11
relaxed structure: no clashes and rmsd under threshold, adding structure
non-relaxed structure clashes: 9
relaxed structure: no clashes and rmsd under threshold, adding structure
non-relaxed structure clashes: 11
relaxed structure: no clashes and rmsd under threshold, adding structure
non-relaxed structure clashes: 11
relaxed structure: no clashes and rmsd under threshold, adding structure
non-relaxed structure clashes: 21
relaxed structure: no clashes and rmsd under threshold, adding structure
non-relaxed structure clashes: 32
relaxed structure: no clashes and rmsd under threshold, adding structure
non-relaxed structure clashes: 24
relaxed structure: no clashes and rmsd under threshold, adding structure
non-relaxed structure clashes: 5
relaxed structure: no clashes and rmsd under threshold, adding structure
non-relaxed structure clashes: 14
relaxed structure: no clashes and rmsd under threshold, adding structure
non-relaxed structure clashes: 26
relaxed structure: no clashes and rmsd under threshold, adding structure
non-relaxed structure clashes: 12
relaxed structure: no clashes and rmsd under threshold, adding structure
non-relaxed structure clashes: 5
relaxed structure: no clashes and rmsd under threshold, adding structure
non-relaxed structure clashes: 22
relaxed structure: no clashes and rmsd under threshold, adding structure
non-relaxed structure clashes: 11
relaxed structure: no clashes and rmsd under threshold, adding structure
non-relaxed structure clashes: 12
relaxed structure: no clashes and rmsd under threshold, adding structure
non-relaxed structure clashes: 16
relaxed structure: no clashes and rmsd under threshold, adding structure
non-relaxed structure clashes: 11
relaxed structure: no clashes and rmsd under threshold, adding structure
non-relaxed structure clashes: 4
relaxed structure: no clashes and rmsd under threshold, adding structure
non-relaxed structure clashes: 11
relaxed structure: no clashes and rmsd under threshold, adding structure
non-relaxed structure clashes: 16
relaxed structure: no clashes and rmsd under threshold, adding structure
non-relaxed structure clashes: 6
relaxed structure: no clashes and rmsd under threshold, adding structure
non-relaxed structure clashes: 19
relaxed structure: no clashes and rmsd under threshold, adding structure
non-relaxed structure clashes: 22
relaxed structure: no clashes and rmsd under threshold, adding structure
non-relaxed structure clashes: 8
relaxed structure: no clashes and rmsd under threshold, adding structure
non-relaxed structure clashes: 9
relaxed structure: no clashes and rmsd under threshold, adding structure
non-relaxed structure clashes: 8
relaxed structure: no clashes and rmsd under threshold, adding structure
non-relaxed structure clashes: 11
relaxed structure: no clashes and rmsd under threshold, adding structure
2024-12-23 14:34:01,658 Ensemble creation complete -  100 structures - acceptance rate: 100.0% - total_tentatives: 100
2024-12-23 14:34:02,135 Done
